# JRE version: OpenJDK Runtime Environment (8.0_202-b03) (build 1.8.0_202-release-1483-b03)
# Java VM: OpenJDK 64-Bit Server VM (25.202-b03 mixed mode windows-amd64 compressed oops)
Heap:
 PSYoungGen      total 142336K, used 108252K [0x00000000e0000000, 0x00000000ea500000, 0x0000000100000000)
  eden space 130560K, 73% used [0x00000000e0000000,0x00000000e5e3b8a8,0x00000000e7f80000)
  from space 11776K, 99% used [0x00000000e9980000,0x00000000ea4fb860,0x00000000ea500000)
  to   space 13824K, 0% used [0x00000000e8a00000,0x00000000e8a00000,0x00000000e9780000)
 ParOldGen       total 87040K, used 19370K [0x00000000a0000000, 0x00000000a5500000, 0x00000000e0000000)
  object space 87040K, 22% used [0x00000000a0000000,0x00000000a12eab18,0x00000000a5500000)
 Metaspace       used 52679K, capacity 54176K, committed 54440K, reserved 1095680K
  class space    used 7156K, capacity 7581K, committed 7592K, reserved 1048576K
GC Heap History (10 events):
Event: 3.549 GC heap before
{Heap before GC invocations=8 (full 1):
 PSYoungGen      total 73216K, used 62976K [0x00000000e0000000, 0x00000000e5300000, 0x0000000100000000)
  eden space 62976K, 100% used [0x00000000e0000000,0x00000000e3d80000,0x00000000e3d80000)
  from space 10240K, 0% used [0x00000000e4800000,0x00000000e4800000,0x00000000e5200000)
  to   space 10752K, 0% used [0x00000000e3d80000,0x00000000e3d80000,0x00000000e4800000)
 ParOldGen       total 56320K, used 8858K [0x00000000a0000000, 0x00000000a3700000, 0x00000000e0000000)
  object space 56320K, 15% used [0x00000000a0000000,0x00000000a08a6990,0x00000000a3700000)
 Metaspace       used 28820K, capacity 29402K, committed 29696K, reserved 1075200K
  class space    used 3891K, capacity 4068K, committed 4096K, reserved 1048576K
Event: 3.557 GC heap after
Heap after GC invocations=8 (full 1):
 PSYoungGen      total 73728K, used 7891K [0x00000000e0000000, 0x00000000e7a00000, 0x0000000100000000)
  eden space 62976K, 0% used [0x00000000e0000000,0x00000000e0000000,0x00000000e3d80000)
  from space 10752K, 73% used [0x00000000e3d80000,0x00000000e4534cb0,0x00000000e4800000)
  to   space 10752K, 0% used [0x00000000e6f80000,0x00000000e6f80000,0x00000000e7a00000)
 ParOldGen       total 56320K, used 8866K [0x00000000a0000000, 0x00000000a3700000, 0x00000000e0000000)
  object space 56320K, 15% used [0x00000000a0000000,0x00000000a08a8990,0x00000000a3700000)
 Metaspace       used 28820K, capacity 29402K, committed 29696K, reserved 1075200K
  class space    used 3891K, capacity 4068K, committed 4096K, reserved 1048576K
}
Event: 4.065 GC heap before
{Heap before GC invocations=9 (full 1):
 PSYoungGen      total 73728K, used 70867K [0x00000000e0000000, 0x00000000e7a00000, 0x0000000100000000)
  eden space 62976K, 100% used [0x00000000e0000000,0x00000000e3d80000,0x00000000e3d80000)
  from space 10752K, 73% used [0x00000000e3d80000,0x00000000e4534cb0,0x00000000e4800000)
  to   space 10752K, 0% used [0x00000000e6f80000,0x00000000e6f80000,0x00000000e7a00000)
 ParOldGen       total 56320K, used 8866K [0x00000000a0000000, 0x00000000a3700000, 0x00000000e0000000)
  object space 56320K, 15% used [0x00000000a0000000,0x00000000a08a8990,0x00000000a3700000)
 Metaspace       used 32033K, capacity 32638K, committed 32768K, reserved 1077248K
  class space    used 4423K, capacity 4592K, committed 4608K, reserved 1048576K
Event: 4.078 GC heap after
Heap after GC invocations=9 (full 1):
 PSYoungGen      total 114176K, used 8359K [0x00000000e0000000, 0x00000000e7b80000, 0x0000000100000000)
  eden space 103424K, 0% used [0x00000000e0000000,0x00000000e0000000,0x00000000e6500000)
  from space 10752K, 77% used [0x00000000e6f80000,0x00000000e77a9c50,0x00000000e7a00000)
  to   space 10752K, 0% used [0x00000000e6500000,0x00000000e6500000,0x00000000e6f80000)
 ParOldGen       total 56320K, used 8874K [0x00000000a0000000, 0x00000000a3700000, 0x00000000e0000000)
  object space 56320K, 15% used [0x00000000a0000000,0x00000000a08aa990,0x00000000a3700000)
 Metaspace       used 32033K, capacity 32638K, committed 32768K, reserved 1077248K
  class space    used 4423K, capacity 4592K, committed 4608K, reserved 1048576K
}
Event: 4.577 GC heap before
{Heap before GC invocations=10 (full 1):
 PSYoungGen      total 114176K, used 62707K [0x00000000e0000000, 0x00000000e7b80000, 0x0000000100000000)
  eden space 103424K, 52% used [0x00000000e0000000,0x00000000e3513350,0x00000000e6500000)
  from space 10752K, 77% used [0x00000000e6f80000,0x00000000e77a9c50,0x00000000e7a00000)
  to   space 10752K, 0% used [0x00000000e6500000,0x00000000e6500000,0x00000000e6f80000)
 ParOldGen       total 56320K, used 8874K [0x00000000a0000000, 0x00000000a3700000, 0x00000000e0000000)
  object space 56320K, 15% used [0x00000000a0000000,0x00000000a08aa990,0x00000000a3700000)
 Metaspace       used 34645K, capacity 35464K, committed 35496K, reserved 1079296K
  class space    used 4796K, capacity 5013K, committed 5032K, reserved 1048576K
Event: 4.590 GC heap after
Heap after GC invocations=10 (full 1):
 PSYoungGen      total 114176K, used 10106K [0x00000000e0000000, 0x00000000ea500000, 0x0000000100000000)
  eden space 103424K, 0% used [0x00000000e0000000,0x00000000e0000000,0x00000000e6500000)
  from space 10752K, 93% used [0x00000000e6500000,0x00000000e6edea10,0x00000000e6f80000)
  to   space 11776K, 0% used [0x00000000e9980000,0x00000000e9980000,0x00000000ea500000)
 ParOldGen       total 56320K, used 8882K [0x00000000a0000000, 0x00000000a3700000, 0x00000000e0000000)
  object space 56320K, 15% used [0x00000000a0000000,0x00000000a08ac990,0x00000000a3700000)
 Metaspace       used 34645K, capacity 35464K, committed 35496K, reserved 1079296K
  class space    used 4796K, capacity 5013K, committed 5032K, reserved 1048576K
}
Event: 4.590 GC heap before
{Heap before GC invocations=11 (full 2):
 PSYoungGen      total 114176K, used 10106K [0x00000000e0000000, 0x00000000ea500000, 0x0000000100000000)
  eden space 103424K, 0% used [0x00000000e0000000,0x00000000e0000000,0x00000000e6500000)
  from space 10752K, 93% used [0x00000000e6500000,0x00000000e6edea10,0x00000000e6f80000)
  to   space 11776K, 0% used [0x00000000e9980000,0x00000000e9980000,0x00000000ea500000)
 ParOldGen       total 56320K, used 8882K [0x00000000a0000000, 0x00000000a3700000, 0x00000000e0000000)
  object space 56320K, 15% used [0x00000000a0000000,0x00000000a08ac990,0x00000000a3700000)
 Metaspace       used 34645K, capacity 35464K, committed 35496K, reserved 1079296K
  class space    used 4796K, capacity 5013K, committed 5032K, reserved 1048576K
Event: 4.664 GC heap after
Heap after GC invocations=11 (full 2):
 PSYoungGen      total 114176K, used 0K [0x00000000e0000000, 0x00000000ea500000, 0x0000000100000000)
  eden space 103424K, 0% used [0x00000000e0000000,0x00000000e0000000,0x00000000e6500000)
  from space 10752K, 0% used [0x00000000e6500000,0x00000000e6500000,0x00000000e6f80000)
  to   space 11776K, 0% used [0x00000000e9980000,0x00000000e9980000,0x00000000ea500000)
 ParOldGen       total 87040K, used 16982K [0x00000000a0000000, 0x00000000a5500000, 0x00000000e0000000)
  object space 87040K, 19% used [0x00000000a0000000,0x00000000a1095a60,0x00000000a5500000)
 Metaspace       used 34611K, capacity 35350K, committed 35496K, reserved 1079296K
  class space    used 4786K, capacity 4994K, committed 5032K, reserved 1048576K
}
Event: 5.727 GC heap before
{Heap before GC invocations=12 (full 2):
 PSYoungGen      total 114176K, used 103424K [0x00000000e0000000, 0x00000000ea500000, 0x0000000100000000)
  eden space 103424K, 100% used [0x00000000e0000000,0x00000000e6500000,0x00000000e6500000)
  from space 10752K, 0% used [0x00000000e6500000,0x00000000e6500000,0x00000000e6f80000)
  to   space 11776K, 0% used [0x00000000e9980000,0x00000000e9980000,0x00000000ea500000)
 ParOldGen       total 87040K, used 16982K [0x00000000a0000000, 0x00000000a5500000, 0x00000000e0000000)
  object space 87040K, 19% used [0x00000000a0000000,0x00000000a1095a60,0x00000000a5500000)
 Metaspace       used 45302K, capacity 46318K, committed 46632K, reserved 1089536K
  class space    used 6110K, capacity 6382K, committed 6440K, reserved 1048576K
Event: 5.738 GC heap after
Heap after GC invocations=12 (full 2):
 PSYoungGen      total 142336K, used 11758K [0x00000000e0000000, 0x00000000ea500000, 0x0000000100000000)
  eden space 130560K, 0% used [0x00000000e0000000,0x00000000e0000000,0x00000000e7f80000)
  from space 11776K, 99% used [0x00000000e9980000,0x00000000ea4fb860,0x00000000ea500000)
  to   space 13824K, 0% used [0x00000000e8a00000,0x00000000e8a00000,0x00000000e9780000)
 ParOldGen       total 87040K, used 19370K [0x00000000a0000000, 0x00000000a5500000, 0x00000000e0000000)
  object space 87040K, 22% used [0x00000000a0000000,0x00000000a12eab18,0x00000000a5500000)
 Metaspace       used 45302K, capacity 46318K, committed 46632K, reserved 1089536K
  class space    used 6110K, capacity 6382K, committed 6440K, reserved 1048576K
}

