# JRE version: OpenJDK Runtime Environment (8.0_202-b03) (build 1.8.0_202-release-1483-b03)
# Java VM: OpenJDK 64-Bit Server VM (25.202-b03 mixed mode windows-amd64 compressed oops)
Heap:
 PSYoungGen      total 169472K, used 94792K [0x00000000e0000000, 0x00000000ec300000, 0x0000000100000000)
  eden space 152064K, 62% used [0x00000000e0000000,0x00000000e5c92028,0x00000000e9480000)
  from space 17408K, 0% used [0x00000000ea600000,0x00000000ea600000,0x00000000eb700000)
  to   space 17920K, 0% used [0x00000000e9480000,0x00000000e9480000,0x00000000ea600000)
 ParOldGen       total 135680K, used 29502K [0x00000000a0000000, 0x00000000a8480000, 0x00000000e0000000)
  object space 135680K, 21% used [0x00000000a0000000,0x00000000a1ccf8c0,0x00000000a8480000)
 Metaspace       used 59621K, capacity 61600K, committed 61848K, reserved 1101824K
  class space    used 8125K, capacity 8567K, committed 8616K, reserved 1048576K
GC Heap History (10 events):
Event: 4.645 GC heap before
{Heap before GC invocations=11 (full 2):
 PSYoungGen      total 110592K, used 10185K [0x00000000e0000000, 0x00000000e9c00000, 0x0000000100000000)
  eden space 99840K, 0% used [0x00000000e0000000,0x00000000e0000000,0x00000000e6180000)
  from space 10752K, 94% used [0x00000000e6180000,0x00000000e6b724d0,0x00000000e6c00000)
  to   space 11776K, 0% used [0x00000000e9080000,0x00000000e9080000,0x00000000e9c00000)
 ParOldGen       total 60416K, used 11203K [0x00000000a0000000, 0x00000000a3b00000, 0x00000000e0000000)
  object space 60416K, 18% used [0x00000000a0000000,0x00000000a0af0d80,0x00000000a3b00000)
 Metaspace       used 34625K, capacity 35446K, committed 35496K, reserved 1079296K
  class space    used 4790K, capacity 5010K, committed 5032K, reserved 1048576K
Event: 4.721 GC heap after
Heap after GC invocations=11 (full 2):
 PSYoungGen      total 110592K, used 0K [0x00000000e0000000, 0x00000000e9c00000, 0x0000000100000000)
  eden space 99840K, 0% used [0x00000000e0000000,0x00000000e0000000,0x00000000e6180000)
  from space 10752K, 0% used [0x00000000e6180000,0x00000000e6180000,0x00000000e6c00000)
  to   space 11776K, 0% used [0x00000000e9080000,0x00000000e9080000,0x00000000e9c00000)
 ParOldGen       total 91136K, used 16985K [0x00000000a0000000, 0x00000000a5900000, 0x00000000e0000000)
  object space 91136K, 18% used [0x00000000a0000000,0x00000000a1096600,0x00000000a5900000)
 Metaspace       used 34596K, capacity 35350K, committed 35496K, reserved 1079296K
  class space    used 4781K, capacity 4994K, committed 5032K, reserved 1048576K
}
Event: 5.838 GC heap before
{Heap before GC invocations=12 (full 2):
 PSYoungGen      total 110592K, used 99840K [0x00000000e0000000, 0x00000000e9c00000, 0x0000000100000000)
  eden space 99840K, 100% used [0x00000000e0000000,0x00000000e6180000,0x00000000e6180000)
  from space 10752K, 0% used [0x00000000e6180000,0x00000000e6180000,0x00000000e6c00000)
  to   space 11776K, 0% used [0x00000000e9080000,0x00000000e9080000,0x00000000e9c00000)
 ParOldGen       total 91136K, used 16985K [0x00000000a0000000, 0x00000000a5900000, 0x00000000e0000000)
  object space 91136K, 18% used [0x00000000a0000000,0x00000000a1096600,0x00000000a5900000)
 Metaspace       used 45068K, capacity 46106K, committed 46376K, reserved 1089536K
  class space    used 6059K, capacity 6335K, committed 6440K, reserved 1048576K
Event: 5.852 GC heap after
Heap after GC invocations=12 (full 2):
 PSYoungGen      total 136192K, used 11768K [0x00000000e0000000, 0x00000000e9c00000, 0x0000000100000000)
  eden space 124416K, 0% used [0x00000000e0000000,0x00000000e0000000,0x00000000e7980000)
  from space 11776K, 99% used [0x00000000e9080000,0x00000000e9bfe268,0x00000000e9c00000)
  to   space 13824K, 0% used [0x00000000e8100000,0x00000000e8100000,0x00000000e8e80000)
 ParOldGen       total 91136K, used 18660K [0x00000000a0000000, 0x00000000a5900000, 0x00000000e0000000)
  object space 91136K, 20% used [0x00000000a0000000,0x00000000a1239360,0x00000000a5900000)
 Metaspace       used 45068K, capacity 46106K, committed 46376K, reserved 1089536K
  class space    used 6059K, capacity 6335K, committed 6440K, reserved 1048576K
}
Event: 7.110 GC heap before
{Heap before GC invocations=13 (full 2):
 PSYoungGen      total 136192K, used 136184K [0x00000000e0000000, 0x00000000e9c00000, 0x0000000100000000)
  eden space 124416K, 100% used [0x00000000e0000000,0x00000000e7980000,0x00000000e7980000)
  from space 11776K, 99% used [0x00000000e9080000,0x00000000e9bfe268,0x00000000e9c00000)
  to   space 13824K, 0% used [0x00000000e8100000,0x00000000e8100000,0x00000000e8e80000)
 ParOldGen       total 91136K, used 18660K [0x00000000a0000000, 0x00000000a5900000, 0x00000000e0000000)
  object space 91136K, 20% used [0x00000000a0000000,0x00000000a1239360,0x00000000a5900000)
 Metaspace       used 55387K, capacity 56976K, committed 57128K, reserved 1097728K
  class space    used 7533K, capacity 7947K, committed 7976K, reserved 1048576K
Event: 7.124 GC heap after
Heap after GC invocations=13 (full 2):
 PSYoungGen      total 145920K, used 13814K [0x00000000e0000000, 0x00000000eb700000, 0x0000000100000000)
  eden space 132096K, 0% used [0x00000000e0000000,0x00000000e0000000,0x00000000e8100000)
  from space 13824K, 99% used [0x00000000e8100000,0x00000000e8e7d8d8,0x00000000e8e80000)
  to   space 17408K, 0% used [0x00000000ea600000,0x00000000ea600000,0x00000000eb700000)
 ParOldGen       total 91136K, used 25008K [0x00000000a0000000, 0x00000000a5900000, 0x00000000e0000000)
  object space 91136K, 27% used [0x00000000a0000000,0x00000000a186c020,0x00000000a5900000)
 Metaspace       used 55387K, capacity 56976K, committed 57128K, reserved 1097728K
  class space    used 7533K, capacity 7947K, committed 7976K, reserved 1048576K
}
Event: 7.528 GC heap before
{Heap before GC invocations=14 (full 2):
 PSYoungGen      total 145920K, used 49153K [0x00000000e0000000, 0x00000000eb700000, 0x0000000100000000)
  eden space 132096K, 26% used [0x00000000e0000000,0x00000000e2282d08,0x00000000e8100000)
  from space 13824K, 99% used [0x00000000e8100000,0x00000000e8e7d8d8,0x00000000e8e80000)
  to   space 17408K, 0% used [0x00000000ea600000,0x00000000ea600000,0x00000000eb700000)
 ParOldGen       total 91136K, used 25008K [0x00000000a0000000, 0x00000000a5900000, 0x00000000e0000000)
  object space 91136K, 27% used [0x00000000a0000000,0x00000000a186c020,0x00000000a5900000)
 Metaspace       used 57459K, capacity 59122K, committed 59160K, reserved 1099776K
  class space    used 7813K, capacity 8196K, committed 8232K, reserved 1048576K
Event: 7.539 GC heap after
Heap after GC invocations=14 (full 2):
 PSYoungGen      total 169472K, used 3595K [0x00000000e0000000, 0x00000000ec300000, 0x0000000100000000)
  eden space 152064K, 0% used [0x00000000e0000000,0x00000000e0000000,0x00000000e9480000)
  from space 17408K, 20% used [0x00000000ea600000,0x00000000ea982e18,0x00000000eb700000)
  to   space 17920K, 0% used [0x00000000e9480000,0x00000000e9480000,0x00000000ea600000)
 ParOldGen       total 91136K, used 30996K [0x00000000a0000000, 0x00000000a5900000, 0x00000000e0000000)
  object space 91136K, 34% used [0x00000000a0000000,0x00000000a1e45208,0x00000000a5900000)
 Metaspace       used 57459K, capacity 59122K, committed 59160K, reserved 1099776K
  class space    used 7813K, capacity 8196K, committed 8232K, reserved 1048576K
}
Event: 7.539 GC heap before
{Heap before GC invocations=15 (full 3):
 PSYoungGen      total 169472K, used 3595K [0x00000000e0000000, 0x00000000ec300000, 0x0000000100000000)
  eden space 152064K, 0% used [0x00000000e0000000,0x00000000e0000000,0x00000000e9480000)
  from space 17408K, 20% used [0x00000000ea600000,0x00000000ea982e18,0x00000000eb700000)
  to   space 17920K, 0% used [0x00000000e9480000,0x00000000e9480000,0x00000000ea600000)
 ParOldGen       total 91136K, used 30996K [0x00000000a0000000, 0x00000000a5900000, 0x00000000e0000000)
  object space 91136K, 34% used [0x00000000a0000000,0x00000000a1e45208,0x00000000a5900000)
 Metaspace       used 57459K, capacity 59122K, committed 59160K, reserved 1099776K
  class space    used 7813K, capacity 8196K, committed 8232K, reserved 1048576K
Event: 7.758 GC heap after
Heap after GC invocations=15 (full 3):
 PSYoungGen      total 169472K, used 0K [0x00000000e0000000, 0x00000000ec300000, 0x0000000100000000)
  eden space 152064K, 0% used [0x00000000e0000000,0x00000000e0000000,0x00000000e9480000)
  from space 17408K, 0% used [0x00000000ea600000,0x00000000ea600000,0x00000000eb700000)
  to   space 17920K, 0% used [0x00000000e9480000,0x00000000e9480000,0x00000000ea600000)
 ParOldGen       total 135680K, used 29502K [0x00000000a0000000, 0x00000000a8480000, 0x00000000e0000000)
  object space 135680K, 21% used [0x00000000a0000000,0x00000000a1ccf8c0,0x00000000a8480000)
 Metaspace       used 57459K, capacity 59122K, committed 59160K, reserved 1099776K
  class space    used 7813K, capacity 8196K, committed 8232K, reserved 1048576K
}

