# JRE version: OpenJDK Runtime Environment (8.0_202-b03) (build 1.8.0_202-release-1483-b03)
# Java VM: OpenJDK 64-Bit Server VM (25.202-b03 mixed mode windows-amd64 compressed oops)
Heap:
 PSYoungGen      total 203776K, used 148901K [0x00000000e0000000, 0x00000000ed980000, 0x0000000100000000)
  eden space 187392K, 79% used [0x00000000e0000000,0x00000000e91697e8,0x00000000eb700000)
  from space 16384K, 0% used [0x00000000ec680000,0x00000000ec680000,0x00000000ed680000)
  to   space 15872K, 0% used [0x00000000eb700000,0x00000000eb700000,0x00000000ec680000)
 ParOldGen       total 112128K, used 17119K [0x00000000a0000000, 0x00000000a6d80000, 0x00000000e0000000)
  object space 112128K, 15% used [0x00000000a0000000,0x00000000a10b7d28,0x00000000a6d80000)
 Metaspace       used 48983K, capacity 50310K, committed 50472K, reserved 1093632K
  class space    used 6624K, capacity 6944K, committed 6952K, reserved 1048576K
GC Heap History (10 events):
Event: 3.740 GC heap before
{Heap before GC invocations=4 (full 0):
 PSYoungGen      total 68608K, used 60435K [0x00000000e0000000, 0x00000000e8600000, 0x0000000100000000)
  eden space 63488K, 87% used [0x00000000e0000000,0x00000000e3608ea0,0x00000000e3e00000)
  from space 5120K, 99% used [0x00000000e3e00000,0x00000000e42fc010,0x00000000e4300000)
  to   space 5120K, 0% used [0x00000000e8100000,0x00000000e8100000,0x00000000e8600000)
 ParOldGen       total 84992K, used 4682K [0x00000000a0000000, 0x00000000a5300000, 0x00000000e0000000)
  object space 84992K, 5% used [0x00000000a0000000,0x00000000a0492b10,0x00000000a5300000)
 Metaspace       used 20637K, capacity 21146K, committed 21296K, reserved 1067008K
  class space    used 2956K, capacity 3123K, committed 3200K, reserved 1048576K
Event: 3.753 GC heap after
Heap after GC invocations=4 (full 0):
 PSYoungGen      total 132096K, used 5096K [0x00000000e0000000, 0x00000000e8600000, 0x0000000100000000)
  eden space 126976K, 0% used [0x00000000e0000000,0x00000000e0000000,0x00000000e7c00000)
  from space 5120K, 99% used [0x00000000e8100000,0x00000000e85fa0b8,0x00000000e8600000)
  to   space 5120K, 0% used [0x00000000e7c00000,0x00000000e7c00000,0x00000000e8100000)
 ParOldGen       total 84992K, used 11606K [0x00000000a0000000, 0x00000000a5300000, 0x00000000e0000000)
  object space 84992K, 13% used [0x00000000a0000000,0x00000000a0b55830,0x00000000a5300000)
 Metaspace       used 20637K, capacity 21146K, committed 21296K, reserved 1067008K
  class space    used 2956K, capacity 3123K, committed 3200K, reserved 1048576K
}
Event: 3.753 GC heap before
{Heap before GC invocations=5 (full 1):
 PSYoungGen      total 132096K, used 5096K [0x00000000e0000000, 0x00000000e8600000, 0x0000000100000000)
  eden space 126976K, 0% used [0x00000000e0000000,0x00000000e0000000,0x00000000e7c00000)
  from space 5120K, 99% used [0x00000000e8100000,0x00000000e85fa0b8,0x00000000e8600000)
  to   space 5120K, 0% used [0x00000000e7c00000,0x00000000e7c00000,0x00000000e8100000)
 ParOldGen       total 84992K, used 11606K [0x00000000a0000000, 0x00000000a5300000, 0x00000000e0000000)
  object space 84992K, 13% used [0x00000000a0000000,0x00000000a0b55830,0x00000000a5300000)
 Metaspace       used 20637K, capacity 21146K, committed 21296K, reserved 1067008K
  class space    used 2956K, capacity 3123K, committed 3200K, reserved 1048576K
Event: 3.798 GC heap after
Heap after GC invocations=5 (full 1):
 PSYoungGen      total 132096K, used 0K [0x00000000e0000000, 0x00000000e8600000, 0x0000000100000000)
  eden space 126976K, 0% used [0x00000000e0000000,0x00000000e0000000,0x00000000e7c00000)
  from space 5120K, 0% used [0x00000000e8100000,0x00000000e8100000,0x00000000e8600000)
  to   space 5120K, 0% used [0x00000000e7c00000,0x00000000e7c00000,0x00000000e8100000)
 ParOldGen       total 68096K, used 11661K [0x00000000a0000000, 0x00000000a4280000, 0x00000000e0000000)
  object space 68096K, 17% used [0x00000000a0000000,0x00000000a0b636d0,0x00000000a4280000)
 Metaspace       used 20637K, capacity 21146K, committed 21296K, reserved 1067008K
  class space    used 2956K, capacity 3123K, committed 3200K, reserved 1048576K
}
Event: 5.337 GC heap before
{Heap before GC invocations=6 (full 1):
 PSYoungGen      total 132096K, used 126976K [0x00000000e0000000, 0x00000000e8600000, 0x0000000100000000)
  eden space 126976K, 100% used [0x00000000e0000000,0x00000000e7c00000,0x00000000e7c00000)
  from space 5120K, 0% used [0x00000000e8100000,0x00000000e8100000,0x00000000e8600000)
  to   space 5120K, 0% used [0x00000000e7c00000,0x00000000e7c00000,0x00000000e8100000)
 ParOldGen       total 68096K, used 11661K [0x00000000a0000000, 0x00000000a4280000, 0x00000000e0000000)
  object space 68096K, 17% used [0x00000000a0000000,0x00000000a0b636d0,0x00000000a4280000)
 Metaspace       used 31966K, capacity 32562K, committed 32768K, reserved 1077248K
  class space    used 4407K, capacity 4592K, committed 4608K, reserved 1048576K
Event: 5.351 GC heap after
Heap after GC invocations=6 (full 1):
 PSYoungGen      total 132096K, used 5120K [0x00000000e0000000, 0x00000000ed680000, 0x0000000100000000)
  eden space 126976K, 0% used [0x00000000e0000000,0x00000000e0000000,0x00000000e7c00000)
  from space 5120K, 100% used [0x00000000e7c00000,0x00000000e8100000,0x00000000e8100000)
  to   space 16384K, 0% used [0x00000000ec680000,0x00000000ec680000,0x00000000ed680000)
 ParOldGen       total 68096K, used 19221K [0x00000000a0000000, 0x00000000a4280000, 0x00000000e0000000)
  object space 68096K, 28% used [0x00000000a0000000,0x00000000a12c5420,0x00000000a4280000)
 Metaspace       used 31966K, capacity 32562K, committed 32768K, reserved 1077248K
  class space    used 4407K, capacity 4592K, committed 4608K, reserved 1048576K
}
Event: 7.566 GC heap before
{Heap before GC invocations=7 (full 1):
 PSYoungGen      total 132096K, used 63040K [0x00000000e0000000, 0x00000000ed680000, 0x0000000100000000)
  eden space 126976K, 45% used [0x00000000e0000000,0x00000000e38902d8,0x00000000e7c00000)
  from space 5120K, 100% used [0x00000000e7c00000,0x00000000e8100000,0x00000000e8100000)
  to   space 16384K, 0% used [0x00000000ec680000,0x00000000ec680000,0x00000000ed680000)
 ParOldGen       total 68096K, used 19221K [0x00000000a0000000, 0x00000000a4280000, 0x00000000e0000000)
  object space 68096K, 28% used [0x00000000a0000000,0x00000000a12c5420,0x00000000a4280000)
 Metaspace       used 34711K, capacity 35414K, committed 35496K, reserved 1079296K
  class space    used 4783K, capacity 4996K, committed 5032K, reserved 1048576K
Event: 7.604 GC heap after
Heap after GC invocations=7 (full 1):
 PSYoungGen      total 203776K, used 10217K [0x00000000e0000000, 0x00000000ed980000, 0x0000000100000000)
  eden space 187392K, 0% used [0x00000000e0000000,0x00000000e0000000,0x00000000eb700000)
  from space 16384K, 62% used [0x00000000ec680000,0x00000000ed07a638,0x00000000ed680000)
  to   space 15872K, 0% used [0x00000000eb700000,0x00000000eb700000,0x00000000ec680000)
 ParOldGen       total 68096K, used 19229K [0x00000000a0000000, 0x00000000a4280000, 0x00000000e0000000)
  object space 68096K, 28% used [0x00000000a0000000,0x00000000a12c7420,0x00000000a4280000)
 Metaspace       used 34711K, capacity 35414K, committed 35496K, reserved 1079296K
  class space    used 4783K, capacity 4996K, committed 5032K, reserved 1048576K
}
Event: 7.604 GC heap before
{Heap before GC invocations=8 (full 2):
 PSYoungGen      total 203776K, used 10217K [0x00000000e0000000, 0x00000000ed980000, 0x0000000100000000)
  eden space 187392K, 0% used [0x00000000e0000000,0x00000000e0000000,0x00000000eb700000)
  from space 16384K, 62% used [0x00000000ec680000,0x00000000ed07a638,0x00000000ed680000)
  to   space 15872K, 0% used [0x00000000eb700000,0x00000000eb700000,0x00000000ec680000)
 ParOldGen       total 68096K, used 19229K [0x00000000a0000000, 0x00000000a4280000, 0x00000000e0000000)
  object space 68096K, 28% used [0x00000000a0000000,0x00000000a12c7420,0x00000000a4280000)
 Metaspace       used 34711K, capacity 35414K, committed 35496K, reserved 1079296K
  class space    used 4783K, capacity 4996K, committed 5032K, reserved 1048576K
Event: 7.843 GC heap after
Heap after GC invocations=8 (full 2):
 PSYoungGen      total 203776K, used 0K [0x00000000e0000000, 0x00000000ed980000, 0x0000000100000000)
  eden space 187392K, 0% used [0x00000000e0000000,0x00000000e0000000,0x00000000eb700000)
  from space 16384K, 0% used [0x00000000ec680000,0x00000000ec680000,0x00000000ed680000)
  to   space 15872K, 0% used [0x00000000eb700000,0x00000000eb700000,0x00000000ec680000)
 ParOldGen       total 112128K, used 17119K [0x00000000a0000000, 0x00000000a6d80000, 0x00000000e0000000)
  object space 112128K, 15% used [0x00000000a0000000,0x00000000a10b7d28,0x00000000a6d80000)
 Metaspace       used 34707K, capacity 35402K, committed 35496K, reserved 1079296K
  class space    used 4782K, capacity 4994K, committed 5032K, reserved 1048576K
}

